Flutter crash report.
Please report a bug at https://github.com/flutter/flutter/issues.

## command

flutter pub get

## exception

ProcessException: ProcessException: No such file or directory
  Command: /Users/yokex/project/flutter/bin/cache/dart-sdk/bin/pub --verbosity=warning get --no-precompile

```
#0      _ProcessImpl._start (dart:io-patch/process_patch.dart:390:33)
#1      Process.start (dart:io-patch/process_patch.dart:36:20)
#2      LocalProcessManager.start (package:process/src/interface/local_process_manager.dart:44:22)
#3      ErrorHandlingProcessManager.start.<anonymous closure> (package:flutter_tools/src/base/error_handling_io.dart:664:24)
#4      _run (package:flutter_tools/src/base/error_handling_io.dart:544:20)
#5      ErrorHandlingProcessManager.start (package:flutter_tools/src/base/error_handling_io.dart:663:12)
#6      _DefaultProcessUtils.start (package:flutter_tools/src/base/process.dart:425:28)
#7      _DefaultProcessUtils.stream (package:flutter_tools/src/base/process.dart:444:35)
#8      _DefaultPub.batch (package:flutter_tools/src/dart/pub.dart:285:34)
<asynchronous suspension>
#9      _DefaultPub.get (package:flutter_tools/src/dart/pub.dart:225:7)
<asynchronous suspension>
#10     PackagesGetCommand._runPubGet (package:flutter_tools/src/commands/packages.dart:133:7)
<asynchronous suspension>
#11     PackagesGetCommand.runCommand (package:flutter_tools/src/commands/packages.dart:172:7)
<asynchronous suspension>
#12     FlutterCommand.run.<anonymous closure> (package:flutter_tools/src/runner/flutter_command.dart:1043:27)
<asynchronous suspension>
#13     AppContext.run.<anonymous closure> (package:flutter_tools/src/base/context.dart:150:19)
<asynchronous suspension>
#14     CommandRunner.runCommand (package:args/command_runner.dart:196:13)
<asynchronous suspension>
#15     FlutterCommandRunner.runCommand.<anonymous closure> (package:flutter_tools/src/runner/flutter_command_runner.dart:284:9)
<asynchronous suspension>
#16     AppContext.run.<anonymous closure> (package:flutter_tools/src/base/context.dart:150:19)
<asynchronous suspension>
#17     FlutterCommandRunner.runCommand (package:flutter_tools/src/runner/flutter_command_runner.dart:232:5)
<asynchronous suspension>
#18     run.<anonymous closure>.<anonymous closure> (package:flutter_tools/runner.dart:62:9)
<asynchronous suspension>
#19     AppContext.run.<anonymous closure> (package:flutter_tools/src/base/context.dart:150:19)
<asynchronous suspension>
#20     main (package:flutter_tools/executable.dart:91:3)
<asynchronous suspension>
```

## flutter doctor

```
[✓] Flutter (Channel stable, 2.2.2, on macOS 11.4 20F71 darwin-x64, locale zh-Hans-CN)
    • Flutter version 2.2.2 at /Users/yokex/project/flutter
    • Framework revision d79295af24 (4 weeks ago), 2021-06-11 08:56:01 -0700
    • Engine revision 91c9fc8fe0
    • Dart version 2.13.3

[!] Android toolchain - develop for Android devices (Android SDK version 30.0.3)
    • Android SDK at /Users/yokex/Library/Android/sdk
    • Platform android-30, build-tools 30.0.3
    • Java binary at: /Users/yokex/Library/Application Support/JetBrains/Toolbox/apps/AndroidStudio/ch-0/202.7351085/Android Studio.app/Contents/jre/jdk/Contents/Home/bin/java
    • Java version OpenJDK Runtime Environment (build 11.0.8+10-b944.6916264)
    ✗ Android license status unknown.
      Run `flutter doctor --android-licenses` to accept the SDK licenses.
      See https://flutter.dev/docs/get-started/install/macos#android-setup for more details.

[✓] Xcode - develop for iOS and macOS
    • Xcode at /Applications/Xcode.app/Contents/Developer
    • Xcode 12.5.1, Build version 12E507
    • CocoaPods version 1.10.1

[✗] Chrome - develop for the web (Cannot find Chrome executable at /Applications/Google Chrome.app/Contents/MacOS/Google Chrome)
    ! Cannot find Chrome. Try setting CHROME_EXECUTABLE to a Chrome executable.

[✓] Android Studio (version 4.2)
    • Android Studio at /Users/yokex/Library/Application Support/JetBrains/Toolbox/apps/AndroidStudio/ch-0/202.7351085/Android Studio.app/Contents
    • Flutter plugin can be installed from:
      🔨 https://plugins.jetbrains.com/plugin/9212-flutter
    • Dart plugin can be installed from:
      🔨 https://plugins.jetbrains.com/plugin/6351-dart
    • Java version OpenJDK Runtime Environment (build 11.0.8+10-b944.6916264)

[✓] IntelliJ IDEA Ultimate Edition (version 2021.1.2)
    • IntelliJ at /Users/yokex/Applications/JetBrains Toolbox/IntelliJ IDEA Ultimate.app
    • Flutter plugin can be installed from:
      🔨 https://plugins.jetbrains.com/plugin/9212-flutter
    • Dart plugin can be installed from:
      🔨 https://plugins.jetbrains.com/plugin/6351-dart

[✓] VS Code (version 1.57.1)
    • VS Code at /Applications/Visual Studio Code.app/Contents
    • Flutter extension version 3.24.0

[✓] Connected device (2 available)
    • yoke’s iPhone (mobile)     • 90aa0da5f1aa106ef726ce837223b90d36493815 • ios • iOS 14.6
    • iPhone 11 Pro Max (mobile) • 0B3537F1-83C0-45B2-ADA7-B8098232BE27     • ios • com.apple.CoreSimulator.SimRuntime.iOS-14-5 (simulator)

! Doctor found issues in 2 categories.
```
